
*** Running vivado
    with args -log IIR.vds -m64 -product Vivado -mode batch -messageDb vivado.pb -notrace -source IIR.tcl


****** Vivado v2018.2 (64-bit)
  **** SW Build 2258646 on Thu Jun 14 20:03:12 MDT 2018
  **** IP Build 2256618 on Thu Jun 14 22:10:49 MDT 2018
    ** Copyright 1986-2018 Xilinx, Inc. All Rights Reserved.

source IIR.tcl -notrace
Command: synth_design -top IIR -part xc7z010clg400-1
Starting synth_design
Attempting to get a license for feature 'Synthesis' and/or device 'xc7z010'
INFO: [Common 17-349] Got license for feature 'Synthesis' and/or device 'xc7z010'
INFO: Launching helper process for spawning children vivado processes
INFO: Helper process launched with PID 9432 
---------------------------------------------------------------------------------
Starting Synthesize : Time (s): cpu = 00:00:02 ; elapsed = 00:00:02 . Memory (MB): peak = 411.391 ; gain = 96.070
---------------------------------------------------------------------------------
INFO: [Synth 8-638] synthesizing module 'IIR' [E:/4 курс/PVSDRA/prvsdra_lab_2/prvsdra_lab_2.srcs/sources_1/imports/Desktop/IIR.vhd:18]
	Parameter N bound to: 15 - type: integer 
INFO: [Synth 8-638] synthesizing module 'control' [E:/4 курс/PVSDRA/prvsdra_lab_2/prvsdra_lab_2.srcs/sources_1/imports/Desktop/control.vhd:17]
INFO: [Synth 8-256] done synthesizing module 'control' (1#1) [E:/4 курс/PVSDRA/prvsdra_lab_2/prvsdra_lab_2.srcs/sources_1/imports/Desktop/control.vhd:17]
INFO: [Synth 8-638] synthesizing module 'ROM' [E:/4 курс/PVSDRA/prvsdra_lab_2/prvsdra_lab_2.srcs/sources_1/imports/Desktop/ROM.vhd:14]
	Parameter N bound to: 15 - type: integer 
INFO: [Synth 8-256] done synthesizing module 'ROM' (2#1) [E:/4 курс/PVSDRA/prvsdra_lab_2/prvsdra_lab_2.srcs/sources_1/imports/Desktop/ROM.vhd:14]
INFO: [Synth 8-638] synthesizing module 'mac' [E:/4 курс/PVSDRA/prvsdra_lab_2/prvsdra_lab_2.srcs/sources_1/imports/Desktop/mac.vhd:18]
	Parameter N bound to: 15 - type: integer 
INFO: [Synth 8-638] synthesizing module 'mult' [E:/4 курс/PVSDRA/prvsdra_lab_2/prvsdra_lab_2.srcs/sources_1/imports/Desktop/mult.vhd:20]
	Parameter N bound to: 15 - type: integer 
WARNING: [Synth 8-614] signal 'sum' is read in the process but is not in the sensitivity list [E:/4 курс/PVSDRA/prvsdra_lab_2/prvsdra_lab_2.srcs/sources_1/imports/Desktop/mult.vhd:31]
INFO: [Synth 8-256] done synthesizing module 'mult' (3#1) [E:/4 курс/PVSDRA/prvsdra_lab_2/prvsdra_lab_2.srcs/sources_1/imports/Desktop/mult.vhd:20]
INFO: [Synth 8-638] synthesizing module '\reg ' [E:/4 курс/PVSDRA/prvsdra_lab_2/prvsdra_lab_2.srcs/sources_1/imports/Desktop/reg.vhd:16]
	Parameter N bound to: 15 - type: integer 
INFO: [Synth 8-256] done synthesizing module '\reg ' (4#1) [E:/4 курс/PVSDRA/prvsdra_lab_2/prvsdra_lab_2.srcs/sources_1/imports/Desktop/reg.vhd:16]
INFO: [Synth 8-638] synthesizing module 'controller' [E:/4 курс/PVSDRA/prvsdra_lab_2/prvsdra_lab_2.srcs/sources_1/imports/Desktop/controller.vhd:14]
INFO: [Synth 8-256] done synthesizing module 'controller' (5#1) [E:/4 курс/PVSDRA/prvsdra_lab_2/prvsdra_lab_2.srcs/sources_1/imports/Desktop/controller.vhd:14]
INFO: [Synth 8-256] done synthesizing module 'mac' (6#1) [E:/4 курс/PVSDRA/prvsdra_lab_2/prvsdra_lab_2.srcs/sources_1/imports/Desktop/mac.vhd:18]
INFO: [Synth 8-256] done synthesizing module 'IIR' (7#1) [E:/4 курс/PVSDRA/prvsdra_lab_2/prvsdra_lab_2.srcs/sources_1/imports/Desktop/IIR.vhd:18]
TclStackFree: incorrect freePtr. Call out of sequence?
