Copyright 1986-2018 Xilinx, Inc. All Rights Reserved.
------------------------------------------------------------------------------------
| Tool Version : Vivado v.2018.2 (win64) Build 2258646 Thu Jun 14 20:03:12 MDT 2018
| Date         : Sun Sep 21 17:15:12 2025
| Host         : DESKTOP-7OC3ATR running 64-bit major release  (build 9200)
| Command      : report_control_sets -verbose -file mac_control_sets_placed.rpt
| Design       : mac
| Device       : xc7z010
------------------------------------------------------------------------------------

Control Set Information

Table of Contents
-----------------
1. Summary
2. Histogram
3. Flip-Flop Distribution
4. Detailed Control Set Information

1. Summary
----------

+----------------------------------------------------------+-------+
|                          Status                          | Count |
+----------------------------------------------------------+-------+
| Number of unique control sets                            |     5 |
| Unused register locations in slices containing registers |    14 |
+----------------------------------------------------------+-------+


2. Histogram
------------

+--------+--------------+
| Fanout | Control Sets |
+--------+--------------+
|    16+ |            5 |
+--------+--------------+


3. Flip-Flop Distribution
-------------------------

+--------------+-----------------------+------------------------+-----------------+--------------+
| Clock Enable | Synchronous Set/Reset | Asynchronous Set/Reset | Total Registers | Total Slices |
+--------------+-----------------------+------------------------+-----------------+--------------+
| No           | No                    | No                     |               0 |            0 |
| No           | No                    | Yes                    |              18 |            5 |
| No           | Yes                   | No                     |               0 |            0 |
| Yes          | No                    | No                     |               0 |            0 |
| Yes          | No                    | Yes                    |             200 |           30 |
| Yes          | Yes                   | No                     |               0 |            0 |
+--------------+-----------------------+------------------------+-----------------+--------------+


4. Detailed Control Set Information
-----------------------------------

+----------------+------------------------+------------------+------------------+----------------+
|  Clock Signal  |      Enable Signal     | Set/Reset Signal | Slice Load Count | Bel Load Count |
+----------------+------------------------+------------------+------------------+----------------+
|  clk_IBUF_BUFG |                        | rst_IBUF         |                5 |             18 |
|  clk_IBUF_BUFG | u_ctrl/E[0]            | rst_IBUF         |                4 |             32 |
|  clk_IBUF_BUFG | u_mult/count           | rst_IBUF         |                9 |             42 |
|  clk_IBUF_BUFG | u_mult/sum[30]_i_1_n_0 | rst_IBUF         |                9 |             62 |
|  clk_IBUF_BUFG | u_ctrl/write_acc       | rst_IBUF         |                8 |             64 |
+----------------+------------------------+------------------+------------------+----------------+


